<?xml version="1.0" encoding="UTF-8"?>
<!-- Generated by org.testng.reporters.JUnitReportReporter -->
<testsuite hostname="mario-mobile" failures="0" tests="2" name="nanoxBlazeTests.e2eTests" time="9.974" errors="0" timestamp="2025-03-18T07:45:45 IST" skipped="0">
  <testcase classname="nanoxBlazeTests.e2eTests" name="tc01" time="4.403"/>
  <testcase classname="nanoxBlazeTests.e2eTests" name="tc02_validateCompletePurchase" time="5.571"/>
</testsuite> <!-- nanoxBlazeTests.e2eTests -->
