<?xml version="1.0" encoding="UTF-8"?>
<!-- Generated by org.testng.reporters.JUnitReportReporter -->
<testsuite hostname="mario-mobile" failures="0" tests="3" name="nanoxBlazeTests.LoginRegistrationTests" time="5.853" errors="0" timestamp="2025-03-18T07:45:45 IST" skipped="0">
  <testcase classname="nanoxBlazeTests.LoginRegistrationTests" name="tc03_verifyExistingUserError" time="1.414"/>
  <testcase classname="nanoxBlazeTests.LoginRegistrationTests" name="tc02_validateLogoutFunctionality" time="2.090"/>
  <testcase classname="nanoxBlazeTests.LoginRegistrationTests" name="tc01_validateSuccessfulLogin" time="2.349"/>
</testsuite> <!-- nanoxBlazeTests.LoginRegistrationTests -->
